[debug] [2019-11-08T12:16:09.189Z] ----------------------------------------------------------------------
[debug] [2019-11-08T12:16:09.191Z] Command:       /usr/local/Cellar/node/12.5.0/bin/node /usr/local/bin/firebase deploy
[debug] [2019-11-08T12:16:09.191Z] CLI Version:   7.7.0
[debug] [2019-11-08T12:16:09.191Z] Platform:      darwin
[debug] [2019-11-08T12:16:09.191Z] Node Version:  v12.5.0
[debug] [2019-11-08T12:16:09.192Z] Time:          Fri Nov 08 2019 14:16:09 GMT+0200 (Israel Standard Time)
[debug] [2019-11-08T12:16:09.192Z] ----------------------------------------------------------------------
[debug] [2019-11-08T12:16:09.192Z] 
[debug] [2019-11-08T12:16:09.202Z] > command requires scopes: ["email","openid","https://www.googleapis.com/auth/cloudplatformprojects.readonly","https://www.googleapis.com/auth/firebase","https://www.googleapis.com/auth/cloud-platform"]
[debug] [2019-11-08T12:16:09.202Z] > authorizing via signed-in user
[debug] [2019-11-08T12:16:09.202Z] [iam] checking project boni-photos for permissions ["cloudfunctions.functions.create","cloudfunctions.functions.delete","cloudfunctions.functions.get","cloudfunctions.functions.list","cloudfunctions.functions.update","cloudfunctions.operations.get","firebase.projects.get","firebasehosting.sites.update"]
[debug] [2019-11-08T12:16:09.204Z] >>> HTTP REQUEST POST https://cloudresourcemanager.googleapis.com/v1/projects/boni-photos:testIamPermissions  

[debug] [2019-11-08T12:16:10.226Z] <<< HTTP RESPONSE 200
[debug] [2019-11-08T12:16:10.230Z] >>> HTTP REQUEST GET https://firebase.googleapis.com/v1beta1/projects/boni-photos  
 
[debug] [2019-11-08T12:16:11.058Z] <<< HTTP RESPONSE 200
[info] 
[info] === Deploying to 'boni-photos'...
[info] 
[info] i  deploying functions, hosting
[info] Running command: npm --prefix "$RESOURCE_DIR" run lint
[info] Running command: npm --prefix "$RESOURCE_DIR" run build
[info] ✔  functions: Finished running predeploy script.
[debug] [2019-11-08T12:16:18.983Z] > [functions] package.json contents: {
  "name": "functions",
  "scripts": {
    "lint": "tslint --project tsconfig.json",
    "build": "tsc",
    "serve": "npm run build && firebase serve --only functions",
    "shell": "npm run build && firebase functions:shell",
    "start": "npm run shell",
    "deploy": "firebase deploy --only functions",
    "logs": "firebase functions:log"
  },
  "engines": {
    "node": "8"
  },
  "main": "lib/index.js",
  "dependencies": {
    "cors": "^2.8.5",
    "express": "^4.17.1",
    "firebase-admin": "^8.6.0",
    "firebase-functions": "^3.3.0",
    "moment": "^2.24.0",
    "node-cron": "^2.0.3",
    "nodemailer": "^6.3.1",
    "request": "^2.88.0",
    "request-promise": "^4.2.5"
  },
  "devDependencies": {
    "@types/express": "^4.17.2",
    "@types/moment": "^2.13.0",
    "@types/node-cron": "^2.0.2",
    "@types/nodemailer": "^6.2.2",
    "firebase-functions-test": "^0.1.6",
    "tslint": "^5.12.0",
    "typescript": "^3.2.2"
  },
  "private": true
}
[info] i  functions: ensuring necessary APIs are enabled...
[debug] [2019-11-08T12:16:18.984Z] >>> HTTP REQUEST GET https://serviceusage.googleapis.com/v1/projects/boni-photos/services/cloudfunctions.googleapis.com  
 
[debug] [2019-11-08T12:16:18.984Z] >>> HTTP REQUEST GET https://serviceusage.googleapis.com/v1/projects/boni-photos/services/runtimeconfig.googleapis.com  
 
[debug] [2019-11-08T12:16:20.094Z] <<< HTTP RESPONSE 200
[debug] [2019-11-08T12:16:20.459Z] <<< HTTP RESPONSE 200
[info] ✔  functions: all necessary APIs are enabled
[debug] [2019-11-08T12:16:20.459Z] >>> HTTP REQUEST GET https://firebase.googleapis.com/v1beta1/projects/boni-photos/adminSdkConfig  
 
[debug] [2019-11-08T12:16:20.879Z] <<< HTTP RESPONSE 200
[debug] [2019-11-08T12:16:20.881Z] >>> HTTP REQUEST POST https://firebasehosting.googleapis.com/v1beta1/sites/boni-photos/versions  

[debug] [2019-11-08T12:16:22.481Z] <<< HTTP RESPONSE 200
[info] i  functions: preparing functions directory for uploading...
[debug] [2019-11-08T12:16:22.484Z] >>> HTTP REQUEST GET https://runtimeconfig.googleapis.com/v1beta1/projects/boni-photos/configs  
 
[debug] [2019-11-08T12:16:23.125Z] <<< HTTP RESPONSE 200
[info] i  functions: packaged functions (66.39 KB) for uploading
[debug] [2019-11-08T12:16:23.504Z] >>> HTTP REQUEST POST https://cloudfunctions.googleapis.com/v1/projects/boni-photos/locations/us-central1/functions:generateUploadUrl  
 
[debug] [2019-11-08T12:16:24.689Z] <<< HTTP RESPONSE 200
[debug] [2019-11-08T12:16:24.690Z] >>> HTTP REQUEST PUT https://storage.googleapis.com/gcf-upload-us-central1-950ed213-7e8a-488c-b2fe-125f18043754/3aa5a477-3f4f-4cf3-998b-6d09fd9cc992.zip?GoogleAccessId=service-524247111800@gcf-admin-robot.iam.gserviceaccount.com&Expires=1573217184&Signature=C0R3JjqWaa1EybLJ12yjy3jaD2JKCtJD8pr1mOTB%2BxcCoYJFRu%2B%2F4tqFoRsPALwBujQ3TeoOeCTyAhj0M5iMncAzGDIf%2BczZYZXBl%2F57rOv7i51Ru1gwsxvsYtqQc6Or%2FFIyz2Pmvfgfo6TkDHSCYZy4DoRUVM8cSNmY11GFk1jdmuVyhhLO7atiimBTPT3%2B5QO%2B%2FG2Ne%2Fgt2jnWzkReAGh2jaYbX3Jxi2Z71dCMBGdIBSMQH52lNLI%2FWyYqOyovIbJsRqfacLmi5lkYjRe6YAvoTsWCY4k%2F6vdCAE786hhHxqgScqot573FVlgPmjVnSPQRdVvBKWabOCsAmbItAw%3D%3D  
 <request body omitted>
[debug] [2019-11-08T12:16:25.643Z] <<< HTTP RESPONSE 200
[info] ✔  functions: functions folder uploaded successfully
[info] i  hosting[boni-photos]: beginning deploy...
[info] i  hosting[boni-photos]: found 50 files in firebase
[debug] [2019-11-08T12:16:25.668Z] [hosting] hash cache [ZmlyZWJhc2U] stored for 50 files
[debug] [2019-11-08T12:16:25.669Z] [hosting][hash queue][FINAL]
[debug] [2019-11-08T12:16:25.669Z] >>> HTTP REQUEST POST https://firebasehosting.googleapis.com/v1beta1/sites/boni-photos/versions/af357fa6bc8f6051:populateFiles  
 <request body omitted>
[debug] [2019-11-08T12:16:27.777Z] <<< HTTP RESPONSE 200
[debug] [2019-11-08T12:16:27.778Z] [hosting][populate queue][FINAL]
[debug] [2019-11-08T12:16:27.778Z] [hosting] uploads queued: 0
[debug] [2019-11-08T12:16:27.779Z] [hosting][upload queue][FINAL]
[info] ✔  hosting[boni-photos]: file upload complete
[debug] [2019-11-08T12:16:27.779Z] [hosting] deploy completed after 2134ms
[debug] [2019-11-08T12:16:28.092Z] >>> HTTP REQUEST GET https://cloudfunctions.googleapis.com/v1/projects/boni-photos/locations/-/functions  
 
[debug] [2019-11-08T12:16:28.726Z] <<< HTTP RESPONSE 200
[info] i  functions: updating Node.js 8 function sendEmail(us-central1)...
[debug] [2019-11-08T12:16:28.728Z] Trigger is:  {"httpsTrigger":{}}
[debug] [2019-11-08T12:16:28.729Z] >>> HTTP REQUEST GET https://serviceusage.googleapis.com/v1/projects/boni-photos/services/cloudscheduler.googleapis.com  
 
